<?xml version="1.0" encoding="UTF-8"?>
<testng-results ignored="0" total="3" passed="3" failed="0" skipped="0">
  <reporter-output>
    <line>
      <![CDATA[==server connected sucessfully==]]>
    </line>
    <line>
      <![CDATA[==database connected sucessfully==]]>
    </line>
    <line>
      <![CDATA[==database connected sucessfully==]]>
    </line>
    <line>
      <![CDATA[==database connected sucessfully==]]>
    </line>
    <line>
      <![CDATA[==closed browser suceessfully==]]>
    </line>
    <line>
      <![CDATA[==database closed sucessfully==]]>
    </line>
    <line>
      <![CDATA[==closed browser suceessfully==]]>
    </line>
    <line>
      <![CDATA[==database closed sucessfully==]]>
    </line>
    <line>
      <![CDATA[==closed browser suceessfully==]]>
    </line>
    <line>
      <![CDATA[==database closed sucessfully==]]>
    </line>
    <line>
      <![CDATA[==server closed sucessfully==]]>
    </line>
  </reporter-output>
  <suite started-at="2025-04-04T15:08:57 IST" name="Suite" finished-at="2025-04-04T15:09:25 IST" duration-ms="27962">
    <groups>
    </groups>
    <test started-at="2025-04-04T15:08:57 IST" name="ChromeTest" finished-at="2025-04-04T15:09:19 IST" duration-ms="21891">
      <class name="com.Ecommerce.TestScripts.RegisterTest">
        <test-method is-config="true" signature="toConnectDatabase()[pri:0, instance:com.Ecommerce.TestScripts.RegisterTest@1190200a]" started-at="2025-04-04T15:08:57 IST" name="toConnectDatabase" finished-at="2025-04-04T15:08:57 IST" duration-ms="1" status="PASS">
          <reporter-output>
            <line>
              <![CDATA[==database connected sucessfully==]]>
            </line>
          </reporter-output>
        </test-method> <!-- toConnectDatabase -->
        <test-method is-config="true" signature="setUp(java.lang.String)[pri:0, instance:com.Ecommerce.TestScripts.RegisterTest@1190200a]" started-at="2025-04-04T15:08:57 IST" name="setUp" finished-at="2025-04-04T15:09:03 IST" duration-ms="5818" status="PASS">
          <params>
            <param index="0">
              <value>
                <![CDATA[chrome]]>
              </value>
            </param>
          </params>
          <reporter-output>
          </reporter-output>
        </test-method> <!-- setUp -->
        <test-method signature="register()[pri:0, instance:com.Ecommerce.TestScripts.RegisterTest@1190200a]" started-at="2025-04-04T15:09:03 IST" name="register" finished-at="2025-04-04T15:09:18 IST" duration-ms="15138" status="PASS">
          <reporter-output>
          </reporter-output>
        </test-method> <!-- register -->
        <test-method is-config="true" signature="tearDown()[pri:0, instance:com.Ecommerce.TestScripts.RegisterTest@1190200a]" started-at="2025-04-04T15:09:18 IST" name="tearDown" finished-at="2025-04-04T15:09:19 IST" duration-ms="825" status="PASS">
          <reporter-output>
            <line>
              <![CDATA[==closed browser suceessfully==]]>
            </line>
          </reporter-output>
        </test-method> <!-- tearDown -->
        <test-method is-config="true" signature="toCloseDatabase()[pri:0, instance:com.Ecommerce.TestScripts.RegisterTest@1190200a]" started-at="2025-04-04T15:09:19 IST" name="toCloseDatabase" finished-at="2025-04-04T15:09:19 IST" duration-ms="0" status="PASS">
          <reporter-output>
            <line>
              <![CDATA[==database closed sucessfully==]]>
            </line>
          </reporter-output>
        </test-method> <!-- toCloseDatabase -->
      </class> <!-- com.Ecommerce.TestScripts.RegisterTest -->
    </test> <!-- ChromeTest -->
    <test started-at="2025-04-04T15:08:57 IST" name="edgeTest" finished-at="2025-04-04T15:09:21 IST" duration-ms="23822">
      <class name="com.Ecommerce.TestScripts.RegisterTest">
        <test-method is-config="true" signature="toConnectDatabase()[pri:0, instance:com.Ecommerce.TestScripts.RegisterTest@2118cddf]" started-at="2025-04-04T15:08:57 IST" name="toConnectDatabase" finished-at="2025-04-04T15:08:57 IST" duration-ms="3" status="PASS">
          <reporter-output>
            <line>
              <![CDATA[==database connected sucessfully==]]>
            </line>
          </reporter-output>
        </test-method> <!-- toConnectDatabase -->
        <test-method is-config="true" signature="setUp(java.lang.String)[pri:0, instance:com.Ecommerce.TestScripts.RegisterTest@2118cddf]" started-at="2025-04-04T15:08:57 IST" name="setUp" finished-at="2025-04-04T15:09:09 IST" duration-ms="11462" status="PASS">
          <params>
            <param index="0">
              <value>
                <![CDATA[edge]]>
              </value>
            </param>
          </params>
          <reporter-output>
          </reporter-output>
        </test-method> <!-- setUp -->
        <test-method signature="register()[pri:0, instance:com.Ecommerce.TestScripts.RegisterTest@2118cddf]" started-at="2025-04-04T15:09:09 IST" name="register" finished-at="2025-04-04T15:09:19 IST" duration-ms="10746" status="PASS">
          <reporter-output>
          </reporter-output>
        </test-method> <!-- register -->
        <test-method is-config="true" signature="tearDown()[pri:0, instance:com.Ecommerce.TestScripts.RegisterTest@2118cddf]" started-at="2025-04-04T15:09:19 IST" name="tearDown" finished-at="2025-04-04T15:09:21 IST" duration-ms="1538" status="PASS">
          <reporter-output>
            <line>
              <![CDATA[==closed browser suceessfully==]]>
            </line>
          </reporter-output>
        </test-method> <!-- tearDown -->
        <test-method is-config="true" signature="toCloseDatabase()[pri:0, instance:com.Ecommerce.TestScripts.RegisterTest@2118cddf]" started-at="2025-04-04T15:09:21 IST" name="toCloseDatabase" finished-at="2025-04-04T15:09:21 IST" duration-ms="1" status="PASS">
          <reporter-output>
            <line>
              <![CDATA[==database closed sucessfully==]]>
            </line>
          </reporter-output>
        </test-method> <!-- toCloseDatabase -->
      </class> <!-- com.Ecommerce.TestScripts.RegisterTest -->
    </test> <!-- edgeTest -->
    <test started-at="2025-04-04T15:08:57 IST" name="firefoxTest" finished-at="2025-04-04T15:09:25 IST" duration-ms="27962">
      <class name="com.Ecommerce.TestScripts.RegisterTest">
        <test-method is-config="true" signature="toConnectServer()[pri:0, instance:com.Ecommerce.TestScripts.RegisterTest@68567e20]" started-at="2025-04-04T15:08:57 IST" name="toConnectServer" finished-at="2025-04-04T15:08:57 IST" duration-ms="22" status="PASS">
          <reporter-output>
            <line>
              <![CDATA[==server connected sucessfully==]]>
            </line>
          </reporter-output>
        </test-method> <!-- toConnectServer -->
        <test-method is-config="true" signature="toConnectDatabase()[pri:0, instance:com.Ecommerce.TestScripts.RegisterTest@68567e20]" started-at="2025-04-04T15:08:57 IST" name="toConnectDatabase" finished-at="2025-04-04T15:08:57 IST" duration-ms="2" status="PASS">
          <reporter-output>
            <line>
              <![CDATA[==database connected sucessfully==]]>
            </line>
          </reporter-output>
        </test-method> <!-- toConnectDatabase -->
        <test-method is-config="true" signature="setUp(java.lang.String)[pri:0, instance:com.Ecommerce.TestScripts.RegisterTest@68567e20]" started-at="2025-04-04T15:08:57 IST" name="setUp" finished-at="2025-04-04T15:09:15 IST" duration-ms="18290" status="PASS">
          <params>
            <param index="0">
              <value>
                <![CDATA[firefox]]>
              </value>
            </param>
          </params>
          <reporter-output>
          </reporter-output>
        </test-method> <!-- setUp -->
        <test-method signature="register()[pri:0, instance:com.Ecommerce.TestScripts.RegisterTest@68567e20]" started-at="2025-04-04T15:09:15 IST" name="register" finished-at="2025-04-04T15:09:23 IST" duration-ms="8051" status="PASS">
          <reporter-output>
          </reporter-output>
        </test-method> <!-- register -->
        <test-method is-config="true" signature="tearDown()[pri:0, instance:com.Ecommerce.TestScripts.RegisterTest@68567e20]" started-at="2025-04-04T15:09:23 IST" name="tearDown" finished-at="2025-04-04T15:09:25 IST" duration-ms="1557" status="PASS">
          <reporter-output>
            <line>
              <![CDATA[==closed browser suceessfully==]]>
            </line>
          </reporter-output>
        </test-method> <!-- tearDown -->
        <test-method is-config="true" signature="toCloseDatabase()[pri:0, instance:com.Ecommerce.TestScripts.RegisterTest@68567e20]" started-at="2025-04-04T15:09:25 IST" name="toCloseDatabase" finished-at="2025-04-04T15:09:25 IST" duration-ms="0" status="PASS">
          <reporter-output>
            <line>
              <![CDATA[==database closed sucessfully==]]>
            </line>
          </reporter-output>
        </test-method> <!-- toCloseDatabase -->
        <test-method is-config="true" signature="toCloseServer()[pri:0, instance:com.Ecommerce.TestScripts.RegisterTest@68567e20]" started-at="2025-04-04T15:09:25 IST" name="toCloseServer" finished-at="2025-04-04T15:09:25 IST" duration-ms="3" status="PASS">
          <reporter-output>
            <line>
              <![CDATA[==server closed sucessfully==]]>
            </line>
          </reporter-output>
        </test-method> <!-- toCloseServer -->
      </class> <!-- com.Ecommerce.TestScripts.RegisterTest -->
    </test> <!-- firefoxTest -->
  </suite> <!-- Suite -->
</testng-results>
