<?xml version="1.0" encoding="UTF-8"?>
<!-- Generated by org.testng.reporters.JUnitXMLReporter -->
<testsuite ignored="10" hostname="DESKTOP-B7ML8PG" failures="0" tests="6" name="Test" time="23.756" errors="0" timestamp="2025-04-05T16:10:37 IST">
  <testcase classname="com.Ecommerce.TestScripts.InValidLoginTest" name="invalidLogin" time="2.411"/>
  <testcase classname="com.Ecommerce.TestScripts.InValidLoginTest" name="invalidLogin" time="2.306"/>
  <testcase classname="com.Ecommerce.TestScripts.InValidLoginTest" name="invalidLogin" time="2.316"/>
  <testcase classname="com.Ecommerce.TestScripts.InValidLoginTest" name="invalidLogin" time="1.946"/>
  <testcase classname="com.Ecommerce.TestScripts.InValidLoginTest" name="invalidLogin" time="2.908"/>
  <testcase classname="com.Ecommerce.TestScripts.InValidLoginTest" name="invalidLogin" time="3.093"/>
  <testcase classname="com.Ecommerce.genericLibrary.BaseTest" name="@AfterSuite toCloseServer" time="0.0">
    <ignored/>
  </testcase> <!-- @AfterSuite toCloseServer -->
  <testcase classname="com.Ecommerce.genericLibrary.BaseTest" name="@BeforeTest toConnectDatabase" time="0.0">
    <ignored/>
  </testcase> <!-- @BeforeTest toConnectDatabase -->
  <testcase classname="com.Ecommerce.genericLibrary.BaseTest" name="@AfterTest toCloseDatabase" time="0.0">
    <ignored/>
  </testcase> <!-- @AfterTest toCloseDatabase -->
  <testcase classname="com.Ecommerce.genericLibrary.BaseTest" name="@BeforeTest toConnectDatabase" time="0.0">
    <ignored/>
  </testcase> <!-- @BeforeTest toConnectDatabase -->
  <testcase classname="com.Ecommerce.genericLibrary.BaseTest" name="@BeforeSuite toConnectServer" time="0.0">
    <ignored/>
  </testcase> <!-- @BeforeSuite toConnectServer -->
  <testcase classname="com.Ecommerce.TestScripts.RegisterTest" name="register" time="0.0">
    <ignored/>
  </testcase> <!-- register -->
  <testcase classname="com.Ecommerce.genericLibrary.BaseTest" name="@AfterTest toCloseDatabase" time="0.0">
    <ignored/>
  </testcase> <!-- @AfterTest toCloseDatabase -->
  <testcase classname="com.Ecommerce.TestScripts.LoginTest" name="login" time="0.0">
    <ignored/>
  </testcase> <!-- login -->
  <testcase classname="com.Ecommerce.genericLibrary.BaseTest" name="@AfterSuite toCloseServer" time="0.0">
    <ignored/>
  </testcase> <!-- @AfterSuite toCloseServer -->
  <testcase classname="com.Ecommerce.genericLibrary.BaseTest" name="@BeforeSuite toConnectServer" time="0.0">
    <ignored/>
  </testcase> <!-- @BeforeSuite toConnectServer -->
</testsuite> <!-- Test -->
