<?xml version="1.0" encoding="UTF-8"?>
<!-- Generated by org.testng.reporters.JUnitXMLReporter -->
<testsuite ignored="4" hostname="DESKTOP-B7ML8PG" failures="0" tests="2" name="Test" time="26.866" errors="0" timestamp="2025-04-04T14:57:30 IST">
  <testcase classname="com.Ecommerce.TestScripts.RegisterTest" name="register" time="9.149"/>
  <testcase classname="com.Ecommerce.TestScripts.LoginTest" name="login" time="2.364"/>
  <testcase classname="com.Ecommerce.genericLibrary.BaseTest" name="@AfterSuite toCloseServer" time="0.0">
    <ignored/>
  </testcase> <!-- @AfterSuite toCloseServer -->
  <testcase classname="com.Ecommerce.genericLibrary.BaseTest" name="@BeforeSuite toConnectServer" time="0.0">
    <ignored/>
  </testcase> <!-- @BeforeSuite toConnectServer -->
  <testcase classname="com.Ecommerce.genericLibrary.BaseTest" name="@BeforeTest toConnectDatabase" time="0.0">
    <ignored/>
  </testcase> <!-- @BeforeTest toConnectDatabase -->
  <testcase classname="com.Ecommerce.genericLibrary.BaseTest" name="@AfterTest toCloseDatabase" time="0.0">
    <ignored/>
  </testcase> <!-- @AfterTest toCloseDatabase -->
</testsuite> <!-- Test -->
